2022-10-13 12:14:51 INFO     initialize serial...
2022-10-13 12:14:51 WARNING  packet dump for 20 seconds!
2022-10-13 12:14:51 INFO     
2022-10-13 12:14:51 INFO     A15A007B,  A25A0078,  A35A0079,  A4410065,  A5410064: B0410071,  A6410067: B0410071,  AC79000653: B07916005F,  AD41006C: B0560066
2022-10-13 12:14:51 INFO     A15A007B,  A25A0078,  A35A007900,  A4410065,  A5410064: B0410071,  A6410067: B0410071,  AC41006D,  AD56007B: B0410071
2022-10-13 12:14:51 INFO     A15A007B,  A25A0078,  A35A0079,  A4410065,  A5410064: B0410071,  A6410067: B041000071,  AC79000154: B079310078,  AD52007F: B0520163
2022-10-13 12:14:51 INFO     A15A007B,  A25A0078,  A35A0079,  A4410065,  A5410064: B0410071,  A6410067: B0410071,  AC79000451: B07914005D00,  AD41006C: B0410071
2022-10-13 12:14:51 INFO     A15A007B,  A25A0078,  A35A0079,  A4410065,  A5410064: B0410071,  A6410067: B0410071,  AC79000550: B07915005C,  AD52007F: B0520163
2022-10-13 12:14:52 INFO     A15A007B,  A25A0078,  A35A007964: B0410071,  A6410067: B0410071,  AC79000653: B07916005F,  AD41006C: B0410071
2022-10-13 12:14:52 INFO     A15A007B,  A25A0078,  A35A0079,  A45A007E,  A5410064: B0410071,  A6410067: B0410071,  AC41006D,  AD52007F: B0520163
2022-10-13 12:14:52 INFO     A15A007B,  A25A0078,  A35A0079,  A45A007E,  A5410064: B0410071,  A6410067: B0410071,  AC79000154: B079310078,  AD41006C: B0410071
2022-10-13 12:14:52 INFO     A15A007B,  A25A0078,  A35A0079,  A45A007E,  A5410064: B0410071,  A6410067: B0410071,  AC79000451: B07914005D,  AD52007F: B0520163
2022-10-13 12:14:52 INFO     A15A007B,  A25A0078,  A35A0079,  A45A007E,  A5410064: B0410071,  A6410067: B0410071,  AC79000550: B07915005C,  AD41006C: B0560066
2022-10-13 12:14:54 INFO     A15A007B,  A25A0078,  A35A0079,  A45A007E,  A5410064: B0410071,  A6410067: B0410071,  AC79000653: B07916005F,  AD56007B: B0410071
2022-10-13 12:14:54 INFO     A15A007B,  A25A0078,  A35A0079,  A45A007E,  A5410064: B0410071,  A6410067: B0410071,  AC41006D,  AD52007F: B0520163
2022-10-13 12:14:54 INFO     A15A007B,  A25A0078,  A35A0079,  A45A007E,  A5410064: B0410071,  A6410067: B0410071,  AC79000154: B079310078,  AD41006C: B0410071
2022-10-13 12:14:54 INFO     A15A007B,  A25A0078,  A35A0079,  A45A007E,  A5410064: B0410071,  A6410067: B0410071,  AC79000451: B07914005D,  AD52007F: B0520163
2022-10-13 12:14:54 INFO     A15A007B,  A25A0078,  A35A0079,  A45A007E,  A5410064: B0410071,  A6410067: B0410071,  AC79000550: B07915005C,  AD41006C: B0410071
2022-10-13 12:14:56 INFO     A15A007B,  A25A0078,  A35A0079,  A45A007E,  A5410064: B0410071,  A6410067: B0410071,  AC79000653: B07916005F,  AD52007F: B0520163
2022-10-13 12:14:56 INFO     A15A007B,  A25A0078,  A35A0079,  A45A007E,  A5410064: B0410071,  A6410067: B0410071,  AC41006D,  AD41006C: B0410071
2022-10-13 12:14:56 INFO     A15A007B,  A25A0078,  A35A0079,  A45A007E,  A5410064: B0410071,  A6410067: B0410071,  AC79000154: B079310078,  AD52007F: B0520163
2022-10-13 12:14:56 INFO     A15A007B,  A25A0078,  A35A0079,  A45A007E,  A5410064: B0410071,  A6410067: B0410071,  AC79000451: B07914005D,  AD41006C: B0410071
2022-10-13 12:14:56 INFO     A15A007B,  A25A0078,  A35A0079,  A45A007E,  A5410064: B0410071,  A6410067: B0410071,  AC79000550: B07915005C,  AD52007F: B0520163
2022-10-13 12:14:56 INFO     A15A007B,  A25A0078,  A35A0079,  A45A007E,  A5410064: B0410071,  A6410067: B0410071,  AC79000653: B07916005F,  AD41006C: B0410071
2022-10-13 12:14:58 INFO     A15A007B,  A25A0078,  A35A0079,  A45A007E,  A5410064: B0410071,  A6410067: B0410071,  AC41006D,  AD52007F: B0520163
2022-10-13 12:14:58 INFO     A15A007B,  A25A0078,  A35A0079,  A45A007E,  A5410064: B0410071,  A6410067: B0410071,  AC79000154: B079310078,  AD41006C: B0410071
2022-10-13 12:14:58 INFO     A15A007B,  A25A0078,  A35A0079,  A45A007E,  A5410064: B0410071,  A6410067: B0410071,  AC79000451: B07914005D,  AD52007F: B0520163
2022-10-13 12:14:58 INFO     A15A007B,  A25A0078,  A35A0079,  A45A007E,  A5410064: B0410071,  A6410067: B0410071,  AC79000550: B07915005C,  AD41006C: B0410071
2022-10-13 12:14:58 INFO     A15A007B,  A25A0078,  A35A0079,  A45A007E,  A5410064: B0410071,  A6410067: B0410071,  AC79000653: B07916005F,  AD52007F: B0520163
2022-10-13 12:15:00 INFO     A15A007B,  A25A0078,  A35A0079,  A45A007E,  A5410064: B0410071,  A6410067: B0410071,  AC41006D,  AD41006C: B0410071
2022-10-13 12:15:00 INFO     A15A007B,  A25A0078,  A35A0079,  A45A007E,  A5410064: B0410071,  A6410067: B0410071,  AC79000154: B079310078,  AD52007F: B0520163
2022-10-13 12:15:00 INFO     A15A007B,  A25A0078,  A35A0079,  A45A007E,  A5410064: B0410071,  A6410067: B0410071,  AC79000451: B07914005D,  AD41006C: B0410071
2022-10-13 12:15:00 INFO     A15A007B,  A25A0078,  A35A0079,  A45A007E,  A5410064: B0410071,  A6410067: B0410071,  AC79000550: B07915005C,  AD52007F: B0520163
2022-10-13 12:15:00 INFO     A15A007B,  A25A0078,  A35A0079,  A45A007E,  A5410064: B0410071,  A6410067: B0410071,  AC79000653: B07916005F,  AD41006C: B0410071
2022-10-13 12:15:01 INFO     A15A007B,  A25A0078,  A35A0079,  A45A007E,  A5410064: B0410071,  A6410067: B0410071,  AC41006D,  AD52007F: B0520163
2022-10-13 12:15:01 INFO     A15A007B,  A25A0078,  A35A0079,  A45A007E,  A5410064: B0410071,  A6410067: B0410071,  AC79000154: B079310078,  AD41006C: B0410071
2022-10-13 12:15:01 INFO     A15A007B,  A25A0078,  A35A0079,  A45A007E,  A5410064: B0410071,  A6410067: B0410071,  AC79000451: B07914005D,  AD52007F: B0520163
2022-10-13 12:15:01 INFO     A15A007B,  A25A0078,  A35A0079,  A45A007E,  A5410064: B0410071,  A6410067: B0410071,  AC79000550: B07915005C,  AD41006C: B0410071
2022-10-13 12:15:01 INFO     A15A007B,  A25A0078,  A35A0079,  A45A007E,  A5410064: B0410071,  A6410067: B0410071,  AC79000653: B07916005F,  AD52007F: B0520163
2022-10-13 12:15:03 INFO     A15A007B,  A25A0078,  A35A0079,  A45A007E,  A5410064: B0410071,  A6410067: B0410071,  AC41006D,  AD41006C: B0410071
2022-10-13 12:15:03 INFO     A15A007B,  A25A0078,  A35A0079,  A45A007E,  A5410064: B0410071,  A6410067: B0410071,  AC79000154: B079310078,  AD52007F: B0520163
2022-10-13 12:15:03 INFO     A15A007B,  A25A0078,  A35A0079,  A45A007E,  A5410064: B0410071,  A6410067: B0410071,  AC79000451: B07914005D,  AD41006C: B0560066
2022-10-13 12:15:03 INFO     A15A007B,  A25A0078,  A35A0079,  A45A007E,  A5410064: B0410071,  A6410067: B0410071,  AC79000550: B07915005C,  AD56007B: B0410071
2022-10-13 12:15:03 INFO     A15A007B,  A25A0078,  A35A0079,  A45A007E,  A5410064: B0410071,  A6410067: B0410071,  AC79000653: B07916005F,  AD52007F: B0520163
2022-10-13 12:15:03 INFO     A15A007B,  A25A0078,  A35A0079,  A45A007E,  A5410064: B0410071,  A6410067: B0410071,  AC41006D,  AD41006C: B0410071
2022-10-13 12:15:05 INFO     A15A007B,  A25A0078,  A35A0079,  A45A007E,  A5410064: B0410071,  A6410067: B0410071,  AC79000154: B079310078,  AD52007F: B0520163
2022-10-13 12:15:05 INFO     A15A007B,  A25A0078,  A35A0079,  A45A007E,  A5410064: B0410071,  A6410067: B0410071,  AC79000451: B07914005D,  AD41006C: B0410071
2022-10-13 12:15:05 INFO     A15A007B,  A25A0078,  A35A0079,  A45A007E,  A5410064: B0410071,  A6410067: B0410071,  AC79000550: B07915005C,  AD52007F: B0520163
2022-10-13 12:15:05 INFO     A15A007B,  A25A0078,  A35A0079,  A45A007E,  A5410064: B0410071,  A6410067: B0410071,  AC79000653: B07916005F,  AD41006C: B0410071
2022-10-13 12:15:05 INFO     A15A007B,  A25A0078,  A35A0079,  A45A007E,  A5410064: B0410071,  A6410067: B0410071,  AC41006D,  AD52007F: B0520163
2022-10-13 12:15:07 INFO     A15A007B,  A25A0078,  A35A0079,  A45A007E,  A5410064: B0410071,  A6410067: B0410071,  AC79000154: B079310078,  AD41006C: B0410071
2022-10-13 12:15:07 INFO     A15A007B,  A25A0078,  A35A0079,  A45A007E,  A5410064: B0410071,  A6410067: B0410071,  AC79000451: B07914005D,  AD52007F: B0520163
2022-10-13 12:15:07 INFO     A15A007B,  A25A0078,  A35A0079,  A45A007E,  A5410064: B0410071,  A6410067: B0410071,  AC79000550: B07915005C,  AD41006C: B0410071
2022-10-13 12:15:07 INFO     A15A007B,  A25A0078,  A35A0079,  A45A007E,  A5410064: B0410071,  A6410067: B0410071,  AC79000653: B07916005F,  AD52007F: B0520163
2022-10-13 12:15:07 INFO     A15A007B,  A25A0078,  A35A0079,  A45A007E,  A5410064: B0410071,  A6410067: B0410071,  AC41006D,  AD41006C: B0410071
2022-10-13 12:15:09 INFO     A15A007B,  A25A0078,  A35A0079,  A45A007E,  A5410064: B0410071,  A6410067: B0410071,  AC79000154: B079310078,  AD52007F: B0520163
2022-10-13 12:15:09 INFO     A15A007B,  A25A0078,  A35A0079,  A45A007E,  A5410064: B0410071,  A6410067: B0410071,  AC79000451: B07914005D,  AD41006C: B0410071
2022-10-13 12:15:09 INFO     A15A007B,  A25A0078,  A35A0079,  A45A007E,  A5410064: B0410071,  A6410067: B0410071,  AC79000550: B07915005C,  AD52007F: B0520163
2022-10-13 12:15:09 INFO     A15A007B,  A25A0078,  A35A0079,  A45A007E,  A5410064: B0410071,  A6410067: B0410071,  AC79000653: B07916005F,  AD41006C: B0410071
2022-10-13 12:15:09 INFO     A15A007B,  A25A0078,  A35A0079,  A45A007E,  A5410064: B0410071,  A6410067: B0410071,  AC41006D,  AD52007F: B0520163
2022-10-13 12:15:11 INFO     A15A007B,  A25A0078,  A35A0079,  A45A007E,  A5410064: B0410071,  A6410067: B0410071,  AC79000154: B079310078,  AD41006C: B0410071
2022-10-13 12:15:11 INFO     A15A007B,  A25A0078,  A35A0079,  A45A007E,  A5410064: B0410071,  A6410067: B0410071,  AC79000451: B07914005D,  AD52007F: B0520163
2022-10-13 12:15:11 INFO     A15A007B,  A25A0078,  A35A0079,  A45A007E,  A5410064: B0410071,  A6410067: B0410071,  AC79000550: B07915005C,  AD41006C: B0410071
2022-10-13 12:15:11 INFO     A15A007B,  A25A0078,  A35A0079,  A45A007E,  A5410064: B0410071,  A6410067: B0410071,  AC79000653: B07916005F,  AD52007F: B0520163
2022-10-13 12:15:11 INFO     A15A007B,  A25A0078,  A35A0079,  A45A007E,  A5410064: B0410071,  A6410067: B0410071,  AC41006D,  AD41006C: B0410071
2022-10-13 12:15:11 INFO     A15A007B,  A25A0078,  A35A0079,  A45A007E,  A5410064: B0410071,  A6410067: B0410071,  AC79000154: B079310078,  AD52007F: B0520163
2022-10-13 12:15:11 INFO     A15A007B
2022-10-13 12:15:11 WARNING  dump done.
2022-10-13 12:15:11 INFO     initialize mqtt...
2022-10-13 12:15:11 INFO     waiting MQTT connected ...
2022-10-13 12:15:11 INFO     MQTT connect successful!
2022-10-13 12:15:11 INFO     Add new device:  homeassistant/switch/sds_wallpad/sds_elevator/config
2022-10-13 12:15:11 INFO     initial state:   sds/virtual/entrance/ev/state = OFF
2022-10-13 12:15:11 INFO     Add new device:  homeassistant/switch/sds_wallpad/sds_gas_cutoff/config
2022-10-13 12:15:11 INFO     initial state:   sds/virtual/entrance/gas/state = OFF
2022-10-13 12:15:11 INFO     Add new device:  homeassistant/switch/sds_wallpad/sds_intercom_public/config
2022-10-13 12:15:11 INFO     initial state:   sds/virtual/intercom/public/state = OFF
2022-10-13 12:15:11 INFO     Add new device:  homeassistant/switch/sds_wallpad/sds_intercom_private/config
2022-10-13 12:15:11 INFO     initial state:   sds/virtual/intercom/private/state = OFF
2022-10-13 12:15:11 INFO     Add new device:  homeassistant/binary_sensor/sds_wallpad/sds_intercom_public/config
2022-10-13 12:15:11 INFO     initial state:   sds/virtual/intercom/public/state = OFF
2022-10-13 12:15:11 INFO     Add new device:  homeassistant/binary_sensor/sds_wallpad/sds_intercom_private/config
2022-10-13 12:15:11 INFO     initial state:   sds/virtual/intercom/private/state = OFF
2022-10-13 12:15:11 INFO     doorlock state:  sds/virtual/intercom/public/available = offline
2022-10-13 12:15:11 INFO     doorlock state:  sds/virtual/intercom/private/available = offline
2022-10-13 12:15:11 INFO     subscribe homeassistant/status
2022-10-13 12:15:11 INFO     subscribe sds/virtual/+/+/command
2022-10-13 12:15:11 INFO     subscribe sds/+/+/+/command
2022-10-13 12:15:12 INFO     start loop ...
2022-10-13 12:15:12 INFO     Add new device:  homeassistant/light/sds_wallpad/sds_light_4/config
2022-10-13 12:15:12 INFO     Add new device:  homeassistant/light/sds_wallpad/sds_light_5/config
2022-10-13 12:15:12 INFO     Add new device:  homeassistant/light/sds_wallpad/sds_light_6/config
2022-10-13 12:15:12 INFO     Add new device:  homeassistant/light/sds_wallpad/sds_light_1/config
2022-10-13 12:15:12 INFO     Add new device:  homeassistant/light/sds_wallpad/sds_light_2/config
2022-10-13 12:15:12 INFO     Add new device:  homeassistant/light/sds_wallpad/sds_light_3/config
2022-10-13 12:15:13 INFO     publish to HA:   sds/light/14/power1/state = OFF (b07914005d)
2022-10-13 12:15:13 INFO     publish to HA:   sds/light/14/power2/state = OFF (b07914005d)
2022-10-13 12:15:13 INFO     publish to HA:   sds/light/14/power3/state = OFF (b07914005d)
2022-10-13 12:15:13 INFO     publish to HA:   sds/light/14/power4/state = OFF (b07914005d)
2022-10-13 12:15:13 INFO     publish to HA:   sds/light/14/power5/state = OFF (b07914005d)
2022-10-13 12:15:13 INFO     publish to HA:   sds/light/14/power6/state = OFF (b07914005d)
2022-10-13 12:15:13 INFO     publish to HA:   sds/light/14/power7/state = OFF (b07914005d)
2022-10-13 12:15:13 INFO     publish to HA:   sds/light/14/power8/state = OFF (b07914005d)
2022-10-13 12:15:13 INFO     publish to HA:   sds/light/15/power1/state = OFF (b07915005c)
2022-10-13 12:15:13 INFO     publish to HA:   sds/light/15/power2/state = OFF (b07915005c)
2022-10-13 12:15:13 INFO     publish to HA:   sds/light/15/power3/state = OFF (b07915005c)
2022-10-13 12:15:13 INFO     publish to HA:   sds/light/15/power4/state = OFF (b07915005c)
2022-10-13 12:15:13 INFO     publish to HA:   sds/light/15/power5/state = OFF (b07915005c)
2022-10-13 12:15:13 INFO     publish to HA:   sds/light/15/power6/state = OFF (b07915005c)
2022-10-13 12:15:13 INFO     publish to HA:   sds/light/15/power7/state = OFF (b07915005c)
2022-10-13 12:15:13 INFO     publish to HA:   sds/light/15/power8/state = OFF (b07915005c)
2022-10-13 12:15:13 INFO     publish to HA:   sds/light/16/power1/state = OFF (b07916005f)
2022-10-13 12:15:13 INFO     publish to HA:   sds/light/16/power2/state = OFF (b07916005f)
2022-10-13 12:15:13 INFO     publish to HA:   sds/light/16/power3/state = OFF (b07916005f)
2022-10-13 12:15:13 INFO     publish to HA:   sds/light/16/power4/state = OFF (b07916005f)
2022-10-13 12:15:13 INFO     publish to HA:   sds/light/16/power5/state = OFF (b07916005f)
2022-10-13 12:15:13 INFO     publish to HA:   sds/light/16/power6/state = OFF (b07916005f)
2022-10-13 12:15:13 INFO     publish to HA:   sds/light/16/power7/state = OFF (b07916005f)
2022-10-13 12:15:13 INFO     publish to HA:   sds/light/16/power8/state = OFF (b07916005f)
2022-10-13 12:15:14 INFO     publish to HA:   sds/light/31/power1/state = OFF (b079310078)
2022-10-13 12:15:14 INFO     publish to HA:   sds/light/31/power2/state = OFF (b079310078)
2022-10-13 12:15:14 INFO     publish to HA:   sds/light/31/power3/state = OFF (b079310078)
2022-10-13 12:15:14 INFO     publish to HA:   sds/light/31/power4/state = OFF (b079310078)
2022-10-13 12:15:14 INFO     publish to HA:   sds/light/31/power5/state = OFF (b079310078)
2022-10-13 12:15:14 INFO     publish to HA:   sds/light/31/power6/state = OFF (b079310078)
2022-10-13 12:15:14 INFO     publish to HA:   sds/light/31/power7/state = OFF (b079310078)
2022-10-13 12:15:14 INFO     publish to HA:   sds/light/31/power8/state = OFF (b079310078)
2022-10-13 12:15:14 INFO     Add new device:  homeassistant/sensor/sds_wallpad/sds_gas_valve_1/config
2022-10-13 12:15:21 INFO     Add new device:  All done.
2022-10-13 12:15:23 INFO     publish to HA:   sds/gas_valve/1/power/state = 열림 (ad56007b)
2022-10-13 12:21:34 WARNING  checksum fail! b06fbff3a15a00, 68
